operate: merge (:一级类别 { name : '西藏民族音乐' })
operate: merge (:二级类别 { name : '民间音乐' })
operate: merge (:二级类别 { name : '藏戏音乐' })
operate: merge (:二级类别 { name : '宫廷音乐' })
operate: merge (:二级类别 { name : '宗教音乐' })
operate: merge (:三级类别 { name : '民间歌舞类' })
operate: merge (:三级类别 { name : '民歌类' })
operate: merge (:三级类别 { name : '劳动歌曲类' })
operate: merge (:三级类别 { name : '说唱音乐类' })
operate: match (a:一级类别) with a match (b:二级类别) where a.name = '西藏民族音乐' and b.name = '民间音乐' merge (a) -[:Subset]-> (b)
operate: match (a:一级类别) with a match (b:二级类别) where a.name = '西藏民族音乐' and b.name = '藏戏音乐' merge (a) -[:Subset]-> (b)
operate: match (a:一级类别) with a match (b:二级类别) where a.name = '西藏民族音乐' and b.name = '宫廷音乐' merge (a) -[:Subset]-> (b)
operate: match (a:一级类别) with a match (b:二级类别) where a.name = '西藏民族音乐' and b.name = '宗教音乐' merge (a) -[:Subset]-> (b)
operate: match (a:二级类别) with a match (b:三级类别) where a.name = '民间音乐' and b.name = '民间歌舞类' merge (a) -[:Subset]-> (b)
operate: match (a:二级类别) with a match (b:三级类别) where a.name = '民间音乐' and b.name = '民歌类' merge (a) -[:Subset]-> (b)
operate: match (a:二级类别) with a match (b:三级类别) where a.name = '民间音乐' and b.name = '劳动歌曲类' merge (a) -[:Subset]-> (b)
operate: match (a:二级类别) with a match (b:三级类别) where a.name = '民间音乐' and b.name = '说唱音乐类' merge (a) -[:Subset]-> (b)
operate: merge (:歌手 { name : '白日然珠', 演唱歌曲 : '三区骏马' })
operate: merge (:歌曲 { name : '三区骏马' })
operate: merge (:四级类别 { name : '对歌' })
operate: match (a:歌曲) with a match (b:歌手) where a.name = '三区骏马' and b.name = '白日然珠' and b.演唱歌曲 = '三区骏马' merge (a) -[:演唱者]-> (b)
operate: match (a:四级类别) with a match (b:歌曲) where a.name = '对歌' and b.name = '三区骏马' merge (a) -[:entity]-> (b)
operate: match (a:三级类别) with a match (b:四级类别) where a.name = '民歌类' and b.name = '对歌' merge (a) -[:Subset]-> (b)
operate: merge (:歌手 { name : '班措', 演唱歌曲 : '出嫁姑娘' })
operate: merge (:歌曲 { name : '出嫁姑娘' })
operate: merge (:四级类别 { name : '情歌' })
operate: match (a:歌曲) with a match (b:歌手) where a.name = '出嫁姑娘' and b.name = '班措' and b.演唱歌曲 = '出嫁姑娘' merge (a) -[:演唱者]-> (b)
operate: match (a:四级类别) with a match (b:歌曲) where a.name = '情歌' and b.name = '出嫁姑娘' merge (a) -[:entity]-> (b)
operate: match (a:三级类别) with a match (b:四级类别) where a.name = '民歌类' and b.name = '情歌' merge (a) -[:Subset]-> (b)
operate: merge (:歌手 { name : '谢旦&巴赞·达吉', 演唱歌曲 : '牧野情歌' })
operate: merge (:歌曲 { name : '牧野情歌' })
operate: merge (:四级类别 { name : '情歌' })
operate: match (a:歌曲) with a match (b:歌手) where a.name = '牧野情歌' and b.name = '谢旦&巴赞·达吉' and b.演唱歌曲 = '牧野情歌' merge (a) -[:演唱者]-> (b)
operate: match (a:四级类别) with a match (b:歌曲) where a.name = '情歌' and b.name = '牧野情歌' merge (a) -[:entity]-> (b)
operate: match (a:三级类别) with a match (b:四级类别) where a.name = '民歌类' and b.name = '情歌' merge (a) -[:Subset]-> (b)
operate: merge (:歌手 { name : '三智才让&启央金', 演唱歌曲 : '君问' })
operate: merge (:歌曲 { name : '君问' })
operate: merge (:四级类别 { name : '情歌' })
operate: match (a:歌曲) with a match (b:歌手) where a.name = '君问' and b.name = '三智才让&启央金' and b.演唱歌曲 = '君问' merge (a) -[:演唱者]-> (b)
operate: match (a:四级类别) with a match (b:歌曲) where a.name = '情歌' and b.name = '君问' merge (a) -[:entity]-> (b)
operate: match (a:三级类别) with a match (b:四级类别) where a.name = '民歌类' and b.name = '情歌' merge (a) -[:Subset]-> (b)
operate: merge (:歌手 { name : '勒毛措&旦增加', 演唱歌曲 : '格桑花' })
operate: merge (:歌曲 { name : '格桑花' })
operate: merge (:四级类别 { name : '情歌' })
operate: match (a:歌曲) with a match (b:歌手) where a.name = '格桑花' and b.name = '勒毛措&旦增加' and b.演唱歌曲 = '格桑花' merge (a) -[:演唱者]-> (b)
operate: match (a:四级类别) with a match (b:歌曲) where a.name = '情歌' and b.name = '格桑花' merge (a) -[:entity]-> (b)
operate: match (a:三级类别) with a match (b:四级类别) where a.name = '民歌类' and b.name = '情歌' merge (a) -[:Subset]-> (b)
operate: merge (:歌手 { name : '白玉扎西', 演唱歌曲 : '游子吟' })
operate: merge (:歌曲 { name : '游子吟' })
operate: merge (:四级类别 { name : '山歌' })
operate: match (a:歌曲) with a match (b:歌手) where a.name = '游子吟' and b.name = '白玉扎西' and b.演唱歌曲 = '游子吟' merge (a) -[:演唱者]-> (b)
operate: match (a:四级类别) with a match (b:歌曲) where a.name = '山歌' and b.name = '游子吟' merge (a) -[:entity]-> (b)
operate: match (a:三级类别) with a match (b:四级类别) where a.name = '民歌类' and b.name = '山歌' merge (a) -[:Subset]-> (b)
operate: merge (:歌手 { name : '欧智卓玛', 演唱歌曲 : '生命的诺言' })
operate: merge (:歌曲 { name : '生命的诺言' })
operate: merge (:四级类别 { name : '道歌' })
operate: match (a:歌曲) with a match (b:歌手) where a.name = '生命的诺言' and b.name = '欧智卓玛' and b.演唱歌曲 = '生命的诺言' merge (a) -[:演唱者]-> (b)
operate: match (a:四级类别) with a match (b:歌曲) where a.name = '道歌' and b.name = '生命的诺言' merge (a) -[:entity]-> (b)
operate: match (a:三级类别) with a match (b:四级类别) where a.name = '民歌类' and b.name = '道歌' merge (a) -[:Subset]-> (b)
operate: merge (:歌手 { name : '三智才让', 演唱歌曲 : '恋人' })
operate: merge (:歌曲 { name : '恋人' })
operate: merge (:四级类别 { name : '情歌' })
operate: match (a:歌曲) with a match (b:歌手) where a.name = '恋人' and b.name = '三智才让' and b.演唱歌曲 = '恋人' merge (a) -[:演唱者]-> (b)
operate: match (a:四级类别) with a match (b:歌曲) where a.name = '情歌' and b.name = '恋人' merge (a) -[:entity]-> (b)
operate: match (a:三级类别) with a match (b:四级类别) where a.name = '民歌类' and b.name = '情歌' merge (a) -[:Subset]-> (b)
operate: merge (:歌手 { name : '才巴永吉', 演唱歌曲 : '我们高贵的少女' })
operate: merge (:歌曲 { name : '我们高贵的少女' })
operate: merge (:四级类别 { name : '情歌' })
operate: match (a:歌曲) with a match (b:歌手) where a.name = '我们高贵的少女' and b.name = '才巴永吉' and b.演唱歌曲 = '我们高贵的少女' merge (a) -[:演唱者]-> (b)
operate: match (a:四级类别) with a match (b:歌曲) where a.name = '情歌' and b.name = '我们高贵的少女' merge (a) -[:entity]-> (b)
operate: match (a:三级类别) with a match (b:四级类别) where a.name = '民歌类' and b.name = '情歌' merge (a) -[:Subset]-> (b)
operate: merge (:歌手 { name : '岗嘎措', 演唱歌曲 : '人生' })
operate: merge (:歌曲 { name : '人生' })
operate: merge (:四级类别 { name : '道歌' })
operate: match (a:歌曲) with a match (b:歌手) where a.name = '人生' and b.name = '岗嘎措' and b.演唱歌曲 = '人生' merge (a) -[:演唱者]-> (b)
operate: match (a:四级类别) with a match (b:歌曲) where a.name = '道歌' and b.name = '人生' merge (a) -[:entity]-> (b)
operate: match (a:三级类别) with a match (b:四级类别) where a.name = '民歌类' and b.name = '道歌' merge (a) -[:Subset]-> (b)
operate: merge (:歌手 { name : '卓玛加', 演唱歌曲 : '雄鹰的歌' })
operate: merge (:歌曲 { name : '雄鹰的歌' })
operate: merge (:四级类别 { name : '山歌' })
operate: match (a:歌曲) with a match (b:歌手) where a.name = '雄鹰的歌' and b.name = '卓玛加' and b.演唱歌曲 = '雄鹰的歌' merge (a) -[:演唱者]-> (b)
operate: match (a:四级类别) with a match (b:歌曲) where a.name = '山歌' and b.name = '雄鹰的歌' merge (a) -[:entity]-> (b)
operate: match (a:三级类别) with a match (b:四级类别) where a.name = '民歌类' and b.name = '山歌' merge (a) -[:Subset]-> (b)
operate: merge (:歌手 { name : '丹真罗布', 演唱歌曲 : '家·院子' })
operate: merge (:歌曲 { name : '家·院子' })
operate: merge (:四级类别 { name : '山歌' })
operate: match (a:歌曲) with a match (b:歌手) where a.name = '家·院子' and b.name = '丹真罗布' and b.演唱歌曲 = '家·院子' merge (a) -[:演唱者]-> (b)
operate: match (a:四级类别) with a match (b:歌曲) where a.name = '山歌' and b.name = '家·院子' merge (a) -[:entity]-> (b)
operate: match (a:三级类别) with a match (b:四级类别) where a.name = '民歌类' and b.name = '山歌' merge (a) -[:Subset]-> (b)
operate: merge (:歌手 { name : '泽旺拉姆', 演唱歌曲 : '忠言' })
operate: merge (:歌曲 { name : '忠言' })
operate: merge (:四级类别 { name : '山歌' })
operate: match (a:歌曲) with a match (b:歌手) where a.name = '忠言' and b.name = '泽旺拉姆' and b.演唱歌曲 = '忠言' merge (a) -[:演唱者]-> (b)
operate: match (a:四级类别) with a match (b:歌曲) where a.name = '山歌' and b.name = '忠言' merge (a) -[:entity]-> (b)
operate: match (a:三级类别) with a match (b:四级类别) where a.name = '民歌类' and b.name = '山歌' merge (a) -[:Subset]-> (b)
operate: merge (:歌手 { name : '索朗益西', 演唱歌曲 : '心中的嘎昌都' })
operate: merge (:歌曲 { name : '心中的嘎昌都' })
operate: merge (:四级类别 { name : '朝圣歌' })
operate: match (a:歌曲) with a match (b:歌手) where a.name = '心中的嘎昌都' and b.name = '索朗益西' and b.演唱歌曲 = '心中的嘎昌都' merge (a) -[:演唱者]-> (b)
operate: match (a:四级类别) with a match (b:歌曲) where a.name = '朝圣歌' and b.name = '心中的嘎昌都' merge (a) -[:entity]-> (b)
operate: match (a:三级类别) with a match (b:四级类别) where a.name = '民歌类' and b.name = '朝圣歌' merge (a) -[:Subset]-> (b)
operate: merge (:歌手 { name : '泽旺拉姆', 演唱歌曲 : '慈母之爱' })
operate: merge (:歌曲 { name : '慈母之爱' })
operate: merge (:四级类别 { name : '山歌' })
operate: match (a:歌曲) with a match (b:歌手) where a.name = '慈母之爱' and b.name = '泽旺拉姆' and b.演唱歌曲 = '慈母之爱' merge (a) -[:演唱者]-> (b)
operate: match (a:四级类别) with a match (b:歌曲) where a.name = '山歌' and b.name = '慈母之爱' merge (a) -[:entity]-> (b)
operate: match (a:三级类别) with a match (b:四级类别) where a.name = '民歌类' and b.name = '山歌' merge (a) -[:Subset]-> (b)
operate: merge (:歌手 { name : '泽旺拉姆', 演唱歌曲 : '心性' })
operate: merge (:歌曲 { name : '心性' })
operate: merge (:四级类别 { name : '道歌' })
operate: match (a:歌曲) with a match (b:歌手) where a.name = '心性' and b.name = '泽旺拉姆' and b.演唱歌曲 = '心性' merge (a) -[:演唱者]-> (b)
operate: match (a:四级类别) with a match (b:歌曲) where a.name = '道歌' and b.name = '心性' merge (a) -[:entity]-> (b)
operate: match (a:三级类别) with a match (b:四级类别) where a.name = '民歌类' and b.name = '道歌' merge (a) -[:Subset]-> (b)
operate: merge (:歌手 { name : '仁青卓么', 演唱歌曲 : '一叶素心' })
operate: merge (:歌曲 { name : '一叶素心' })
operate: merge (:四级类别 { name : '道歌' })
operate: match (a:歌曲) with a match (b:歌手) where a.name = '一叶素心' and b.name = '仁青卓么' and b.演唱歌曲 = '一叶素心' merge (a) -[:演唱者]-> (b)
operate: match (a:四级类别) with a match (b:歌曲) where a.name = '道歌' and b.name = '一叶素心' merge (a) -[:entity]-> (b)
operate: match (a:三级类别) with a match (b:四级类别) where a.name = '民歌类' and b.name = '道歌' merge (a) -[:Subset]-> (b)
operate: merge (:歌手 { name : '泽旺拉姆', 演唱歌曲 : '月光仙女' })
operate: merge (:歌曲 { name : '月光仙女' })
operate: merge (:四级类别 { name : '情歌' })
operate: match (a:歌曲) with a match (b:歌手) where a.name = '月光仙女' and b.name = '泽旺拉姆' and b.演唱歌曲 = '月光仙女' merge (a) -[:演唱者]-> (b)
operate: match (a:四级类别) with a match (b:歌曲) where a.name = '情歌' and b.name = '月光仙女' merge (a) -[:entity]-> (b)
operate: match (a:三级类别) with a match (b:四级类别) where a.name = '民歌类' and b.name = '情歌' merge (a) -[:Subset]-> (b)
operate: merge (:歌手 { name : '勒毛措', 演唱歌曲 : '农家阿姐' })
operate: merge (:歌曲 { name : '农家阿姐' })
operate: merge (:四级类别 { name : '情歌' })
operate: match (a:歌曲) with a match (b:歌手) where a.name = '农家阿姐' and b.name = '勒毛措' and b.演唱歌曲 = '农家阿姐' merge (a) -[:演唱者]-> (b)
operate: match (a:四级类别) with a match (b:歌曲) where a.name = '情歌' and b.name = '农家阿姐' merge (a) -[:entity]-> (b)
operate: match (a:三级类别) with a match (b:四级类别) where a.name = '民歌类' and b.name = '情歌' merge (a) -[:Subset]-> (b)
operate: merge (:歌手 { name : '卓玛央宗&罗布桑珠', 演唱歌曲 : '一世情缘' })
operate: merge (:歌曲 { name : '一世情缘' })
operate: merge (:四级类别 { name : '情歌' })
operate: match (a:歌曲) with a match (b:歌手) where a.name = '一世情缘' and b.name = '卓玛央宗&罗布桑珠' and b.演唱歌曲 = '一世情缘' merge (a) -[:演唱者]-> (b)
operate: match (a:四级类别) with a match (b:歌曲) where a.name = '情歌' and b.name = '一世情缘' merge (a) -[:entity]-> (b)
operate: match (a:三级类别) with a match (b:四级类别) where a.name = '民歌类' and b.name = '情歌' merge (a) -[:Subset]-> (b)
operate: merge (:歌手 { name : '勒毛措', 演唱歌曲 : '心的归宿' })
operate: merge (:歌曲 { name : '心的归宿' })
operate: merge (:四级类别 { name : '情歌' })
operate: match (a:歌曲) with a match (b:歌手) where a.name = '心的归宿' and b.name = '勒毛措' and b.演唱歌曲 = '心的归宿' merge (a) -[:演唱者]-> (b)
operate: match (a:四级类别) with a match (b:歌曲) where a.name = '情歌' and b.name = '心的归宿' merge (a) -[:entity]-> (b)
operate: match (a:三级类别) with a match (b:四级类别) where a.name = '民歌类' and b.name = '情歌' merge (a) -[:Subset]-> (b)
operate: merge (:歌手 { name : '岗坚巴·卓玛加&班措', 演唱歌曲 : '世间和谐至上' })
operate: merge (:歌曲 { name : '世间和谐至上' })
operate: merge (:四级类别 { name : '对歌' })
operate: match (a:歌曲) with a match (b:歌手) where a.name = '世间和谐至上' and b.name = '岗坚巴·卓玛加&班措' and b.演唱歌曲 = '世间和谐至上' merge (a) -[:演唱者]-> (b)
operate: match (a:四级类别) with a match (b:歌曲) where a.name = '对歌' and b.name = '世间和谐至上' merge (a) -[:entity]-> (b)
operate: match (a:三级类别) with a match (b:四级类别) where a.name = '民歌类' and b.name = '对歌' merge (a) -[:Subset]-> (b)
operate: merge (:歌手 { name : '霍尔仓·拉浪措', 演唱歌曲 : '家乡' })
operate: merge (:歌曲 { name : '家乡' })
operate: merge (:四级类别 { name : '山歌' })
operate: match (a:歌曲) with a match (b:歌手) where a.name = '家乡' and b.name = '霍尔仓·拉浪措' and b.演唱歌曲 = '家乡' merge (a) -[:演唱者]-> (b)
operate: match (a:四级类别) with a match (b:歌曲) where a.name = '山歌' and b.name = '家乡' merge (a) -[:entity]-> (b)
operate: match (a:三级类别) with a match (b:四级类别) where a.name = '民歌类' and b.name = '山歌' merge (a) -[:Subset]-> (b)
operate: merge (:歌手 { name : '扎西平措', 演唱歌曲 : '三口一杯' })
operate: merge (:歌曲 { name : '三口一杯' })
operate: merge (:四级类别 { name : '酒歌' })
operate: match (a:歌曲) with a match (b:歌手) where a.name = '三口一杯' and b.name = '扎西平措' and b.演唱歌曲 = '三口一杯' merge (a) -[:演唱者]-> (b)
operate: match (a:四级类别) with a match (b:歌曲) where a.name = '酒歌' and b.name = '三口一杯' merge (a) -[:entity]-> (b)
operate: match (a:三级类别) with a match (b:四级类别) where a.name = '民歌类' and b.name = '酒歌' merge (a) -[:Subset]-> (b)
operate: merge (:歌手 { name : '完玛三智', 演唱歌曲 : '鄂拉山' })
operate: merge (:歌曲 { name : '鄂拉山' })
operate: merge (:四级类别 { name : '山歌' })
operate: match (a:歌曲) with a match (b:歌手) where a.name = '鄂拉山' and b.name = '完玛三智' and b.演唱歌曲 = '鄂拉山' merge (a) -[:演唱者]-> (b)
operate: match (a:四级类别) with a match (b:歌曲) where a.name = '山歌' and b.name = '鄂拉山' merge (a) -[:entity]-> (b)
operate: match (a:三级类别) with a match (b:四级类别) where a.name = '民歌类' and b.name = '山歌' merge (a) -[:Subset]-> (b)
operate: merge (:歌手 { name : '齐旦布', 演唱歌曲 : '爱在羊茸山水间' })
operate: merge (:歌曲 { name : '爱在羊茸山水间' })
operate: merge (:四级类别 { name : '山歌' })
operate: match (a:歌曲) with a match (b:歌手) where a.name = '爱在羊茸山水间' and b.name = '齐旦布' and b.演唱歌曲 = '爱在羊茸山水间' merge (a) -[:演唱者]-> (b)
operate: match (a:四级类别) with a match (b:歌曲) where a.name = '山歌' and b.name = '爱在羊茸山水间' merge (a) -[:entity]-> (b)
operate: match (a:三级类别) with a match (b:四级类别) where a.name = '民歌类' and b.name = '山歌' merge (a) -[:Subset]-> (b)
operate: merge (:歌手 { name : '罗布桑珠', 演唱歌曲 : '怦然心动' })
operate: merge (:歌曲 { name : '怦然心动' })
operate: merge (:四级类别 { name : '情歌' })
operate: match (a:歌曲) with a match (b:歌手) where a.name = '怦然心动' and b.name = '罗布桑珠' and b.演唱歌曲 = '怦然心动' merge (a) -[:演唱者]-> (b)
operate: match (a:四级类别) with a match (b:歌曲) where a.name = '情歌' and b.name = '怦然心动' merge (a) -[:entity]-> (b)
operate: match (a:三级类别) with a match (b:四级类别) where a.name = '民歌类' and b.name = '情歌' merge (a) -[:Subset]-> (b)
operate: merge (:歌手 { name : '旺姆', 演唱歌曲 : '思念' })
operate: merge (:歌曲 { name : '思念' })
operate: merge (:四级类别 { name : '山歌' })
operate: match (a:歌曲) with a match (b:歌手) where a.name = '思念' and b.name = '旺姆' and b.演唱歌曲 = '思念' merge (a) -[:演唱者]-> (b)
operate: match (a:四级类别) with a match (b:歌曲) where a.name = '山歌' and b.name = '思念' merge (a) -[:entity]-> (b)
operate: match (a:三级类别) with a match (b:四级类别) where a.name = '民歌类' and b.name = '山歌' merge (a) -[:Subset]-> (b)
operate: merge (:歌手 { name : '旦正才让', 演唱歌曲 : '梦的翅膀' })
operate: merge (:歌曲 { name : '梦的翅膀' })
operate: merge (:四级类别 { name : '山歌' })
operate: match (a:歌曲) with a match (b:歌手) where a.name = '梦的翅膀' and b.name = '旦正才让' and b.演唱歌曲 = '梦的翅膀' merge (a) -[:演唱者]-> (b)
operate: match (a:四级类别) with a match (b:歌曲) where a.name = '山歌' and b.name = '梦的翅膀' merge (a) -[:entity]-> (b)
operate: match (a:三级类别) with a match (b:四级类别) where a.name = '民歌类' and b.name = '山歌' merge (a) -[:Subset]-> (b)
operate: merge (:歌手 { name : '白玉扎西', 演唱歌曲 : '阿若康巴' })
operate: merge (:歌曲 { name : '阿若康巴' })
operate: merge (:四级类别 { name : '朝圣歌' })
operate: match (a:歌曲) with a match (b:歌手) where a.name = '阿若康巴' and b.name = '白玉扎西' and b.演唱歌曲 = '阿若康巴' merge (a) -[:演唱者]-> (b)
operate: match (a:四级类别) with a match (b:歌曲) where a.name = '朝圣歌' and b.name = '阿若康巴' merge (a) -[:entity]-> (b)
operate: match (a:三级类别) with a match (b:四级类别) where a.name = '民歌类' and b.name = '朝圣歌' merge (a) -[:Subset]-> (b)
operate: merge (:歌手 { name : '雪龙珠扎', 演唱歌曲 : '琼露清韵' })
operate: merge (:歌曲 { name : '琼露清韵' })
operate: merge (:四级类别 { name : '朝圣歌' })
operate: match (a:歌曲) with a match (b:歌手) where a.name = '琼露清韵' and b.name = '雪龙珠扎' and b.演唱歌曲 = '琼露清韵' merge (a) -[:演唱者]-> (b)
operate: match (a:四级类别) with a match (b:歌曲) where a.name = '朝圣歌' and b.name = '琼露清韵' merge (a) -[:entity]-> (b)
operate: match (a:三级类别) with a match (b:四级类别) where a.name = '民歌类' and b.name = '朝圣歌' merge (a) -[:Subset]-> (b)
operate: merge (:歌手 { name : '霍尔仓·拉浪措', 演唱歌曲 : '捧茶迎贵人' })
operate: merge (:歌曲 { name : '捧茶迎贵人' })
operate: merge (:四级类别 { name : '欢庆歌' })
operate: match (a:歌曲) with a match (b:歌手) where a.name = '捧茶迎贵人' and b.name = '霍尔仓·拉浪措' and b.演唱歌曲 = '捧茶迎贵人' merge (a) -[:演唱者]-> (b)
operate: match (a:四级类别) with a match (b:歌曲) where a.name = '欢庆歌' and b.name = '捧茶迎贵人' merge (a) -[:entity]-> (b)
operate: match (a:三级类别) with a match (b:四级类别) where a.name = '民歌类' and b.name = '欢庆歌' merge (a) -[:Subset]-> (b)
operate: merge (:歌手 { name : '索扎', 演唱歌曲 : '不要怕' })
operate: merge (:歌曲 { name : '不要怕' })
operate: merge (:四级类别 { name : '儿歌' })
operate: match (a:歌曲) with a match (b:歌手) where a.name = '不要怕' and b.name = '索扎' and b.演唱歌曲 = '不要怕' merge (a) -[:演唱者]-> (b)
operate: match (a:四级类别) with a match (b:歌曲) where a.name = '儿歌' and b.name = '不要怕' merge (a) -[:entity]-> (b)
operate: match (a:三级类别) with a match (b:四级类别) where a.name = '民歌类' and b.name = '儿歌' merge (a) -[:Subset]-> (b)
operate: merge (:歌手 { name : '罗布桑珠', 演唱歌曲 : '梦' })
operate: merge (:歌曲 { name : '梦' })
operate: merge (:四级类别 { name : '山歌' })
operate: match (a:歌曲) with a match (b:歌手) where a.name = '梦' and b.name = '罗布桑珠' and b.演唱歌曲 = '梦' merge (a) -[:演唱者]-> (b)
operate: match (a:四级类别) with a match (b:歌曲) where a.name = '山歌' and b.name = '梦' merge (a) -[:entity]-> (b)
operate: match (a:三级类别) with a match (b:四级类别) where a.name = '民歌类' and b.name = '山歌' merge (a) -[:Subset]-> (b)
operate: merge (:歌手 { name : '桑杰才让', 演唱歌曲 : '才仁罗嘉' })
operate: merge (:歌曲 { name : '才仁罗嘉' })
operate: merge (:四级类别 { name : '欢庆歌' })
operate: match (a:歌曲) with a match (b:歌手) where a.name = '才仁罗嘉' and b.name = '桑杰才让' and b.演唱歌曲 = '才仁罗嘉' merge (a) -[:演唱者]-> (b)
operate: match (a:四级类别) with a match (b:歌曲) where a.name = '欢庆歌' and b.name = '才仁罗嘉' merge (a) -[:entity]-> (b)
operate: match (a:三级类别) with a match (b:四级类别) where a.name = '民歌类' and b.name = '欢庆歌' merge (a) -[:Subset]-> (b)
operate: merge (:歌手 { name : '央金拉姆', 演唱歌曲 : '真爱如画' })
operate: merge (:歌曲 { name : '真爱如画' })
operate: merge (:四级类别 { name : '情歌' })
operate: match (a:歌曲) with a match (b:歌手) where a.name = '真爱如画' and b.name = '央金拉姆' and b.演唱歌曲 = '真爱如画' merge (a) -[:演唱者]-> (b)
operate: match (a:四级类别) with a match (b:歌曲) where a.name = '情歌' and b.name = '真爱如画' merge (a) -[:entity]-> (b)
operate: match (a:三级类别) with a match (b:四级类别) where a.name = '民歌类' and b.name = '情歌' merge (a) -[:Subset]-> (b)
operate: merge (:歌手 { name : '冰雪姐妹', 演唱歌曲 : '岗尖之宝' })
operate: merge (:歌曲 { name : '岗尖之宝' })
operate: merge (:四级类别 { name : '山歌' })
operate: match (a:歌曲) with a match (b:歌手) where a.name = '岗尖之宝' and b.name = '冰雪姐妹' and b.演唱歌曲 = '岗尖之宝' merge (a) -[:演唱者]-> (b)
operate: match (a:四级类别) with a match (b:歌曲) where a.name = '山歌' and b.name = '岗尖之宝' merge (a) -[:entity]-> (b)
operate: match (a:三级类别) with a match (b:四级类别) where a.name = '民歌类' and b.name = '山歌' merge (a) -[:Subset]-> (b)
operate: merge (:歌手 { name : '旺卓措', 演唱歌曲 : '格桑啦' })
operate: merge (:歌曲 { name : '格桑啦' })
operate: merge (:四级类别 { name : '朝圣歌' })
operate: match (a:歌曲) with a match (b:歌手) where a.name = '格桑啦' and b.name = '旺卓措' and b.演唱歌曲 = '格桑啦' merge (a) -[:演唱者]-> (b)
operate: match (a:四级类别) with a match (b:歌曲) where a.name = '朝圣歌' and b.name = '格桑啦' merge (a) -[:entity]-> (b)
operate: match (a:三级类别) with a match (b:四级类别) where a.name = '民歌类' and b.name = '朝圣歌' merge (a) -[:Subset]-> (b)
operate: merge (:歌手 { name : '次仁拉吉', 演唱歌曲 : '罗萨' })
operate: merge (:歌曲 { name : '罗萨' })
operate: merge (:四级类别 { name : '朝圣歌' })
operate: match (a:歌曲) with a match (b:歌手) where a.name = '罗萨' and b.name = '次仁拉吉' and b.演唱歌曲 = '罗萨' merge (a) -[:演唱者]-> (b)
operate: match (a:四级类别) with a match (b:歌曲) where a.name = '朝圣歌' and b.name = '罗萨' merge (a) -[:entity]-> (b)
operate: match (a:三级类别) with a match (b:四级类别) where a.name = '民歌类' and b.name = '朝圣歌' merge (a) -[:Subset]-> (b)
operate: merge (:歌手 { name : '泽旺拉姆', 演唱歌曲 : '平措霖' })
operate: merge (:歌曲 { name : '平措霖' })
operate: merge (:四级类别 { name : '朝圣歌' })
operate: match (a:歌曲) with a match (b:歌手) where a.name = '平措霖' and b.name = '泽旺拉姆' and b.演唱歌曲 = '平措霖' merge (a) -[:演唱者]-> (b)
operate: match (a:四级类别) with a match (b:歌曲) where a.name = '朝圣歌' and b.name = '平措霖' merge (a) -[:entity]-> (b)
operate: match (a:三级类别) with a match (b:四级类别) where a.name = '民歌类' and b.name = '朝圣歌' merge (a) -[:Subset]-> (b)
operate: merge (:歌手 { name : '拉吉', 演唱歌曲 : '挤奶歌声' })
operate: merge (:歌曲 { name : '挤奶歌声' })
operate: merge (:四级类别 { name : '山歌' })
operate: match (a:歌曲) with a match (b:歌手) where a.name = '挤奶歌声' and b.name = '拉吉' and b.演唱歌曲 = '挤奶歌声' merge (a) -[:演唱者]-> (b)
operate: match (a:四级类别) with a match (b:歌曲) where a.name = '山歌' and b.name = '挤奶歌声' merge (a) -[:entity]-> (b)
operate: match (a:三级类别) with a match (b:四级类别) where a.name = '民歌类' and b.name = '山歌' merge (a) -[:Subset]-> (b)
operate: merge (:歌手 { name : '扎西平措', 演唱歌曲 : '阿妈的手' })
operate: merge (:歌曲 { name : '阿妈的手' })
operate: merge (:四级类别 { name : '儿歌' })
operate: match (a:歌曲) with a match (b:歌手) where a.name = '阿妈的手' and b.name = '扎西平措' and b.演唱歌曲 = '阿妈的手' merge (a) -[:演唱者]-> (b)
operate: match (a:四级类别) with a match (b:歌曲) where a.name = '儿歌' and b.name = '阿妈的手' merge (a) -[:entity]-> (b)
operate: match (a:三级类别) with a match (b:四级类别) where a.name = '民歌类' and b.name = '儿歌' merge (a) -[:Subset]-> (b)
operate: merge (:歌手 { name : '冰雪姐妹', 演唱歌曲 : '空中的群星' })
operate: merge (:歌曲 { name : '空中的群星' })
operate: merge (:四级类别 { name : '山歌' })
operate: match (a:歌曲) with a match (b:歌手) where a.name = '空中的群星' and b.name = '冰雪姐妹' and b.演唱歌曲 = '空中的群星' merge (a) -[:演唱者]-> (b)
operate: match (a:四级类别) with a match (b:歌曲) where a.name = '山歌' and b.name = '空中的群星' merge (a) -[:entity]-> (b)
operate: match (a:三级类别) with a match (b:四级类别) where a.name = '民歌类' and b.name = '山歌' merge (a) -[:Subset]-> (b)
operate: merge (:歌手 { name : '索朗旺玖', 演唱歌曲 : '老师' })
operate: merge (:歌曲 { name : '老师' })
operate: merge (:四级类别 { name : '儿歌' })
operate: match (a:歌曲) with a match (b:歌手) where a.name = '老师' and b.name = '索朗旺玖' and b.演唱歌曲 = '老师' merge (a) -[:演唱者]-> (b)
operate: match (a:四级类别) with a match (b:歌曲) where a.name = '儿歌' and b.name = '老师' merge (a) -[:entity]-> (b)
operate: match (a:三级类别) with a match (b:四级类别) where a.name = '民歌类' and b.name = '儿歌' merge (a) -[:Subset]-> (b)
operate: merge (:歌手 { name : '嘉央', 演唱歌曲 : '三朵花' })
operate: merge (:歌曲 { name : '三朵花' })
operate: merge (:四级类别 { name : '儿歌' })
operate: match (a:歌曲) with a match (b:歌手) where a.name = '三朵花' and b.name = '嘉央' and b.演唱歌曲 = '三朵花' merge (a) -[:演唱者]-> (b)
operate: match (a:四级类别) with a match (b:歌曲) where a.name = '儿歌' and b.name = '三朵花' merge (a) -[:entity]-> (b)
operate: match (a:三级类别) with a match (b:四级类别) where a.name = '民歌类' and b.name = '儿歌' merge (a) -[:Subset]-> (b)
operate: merge (:歌手 { name : '索扎', 演唱歌曲 : '相信自己' })
operate: merge (:歌曲 { name : '相信自己' })
operate: merge (:四级类别 { name : '儿歌' })
operate: match (a:歌曲) with a match (b:歌手) where a.name = '相信自己' and b.name = '索扎' and b.演唱歌曲 = '相信自己' merge (a) -[:演唱者]-> (b)
operate: match (a:四级类别) with a match (b:歌曲) where a.name = '儿歌' and b.name = '相信自己' merge (a) -[:entity]-> (b)
operate: match (a:三级类别) with a match (b:四级类别) where a.name = '民歌类' and b.name = '儿歌' merge (a) -[:Subset]-> (b)
operate: merge (:歌手 { name : '才巴永吉', 演唱歌曲 : '有缘恋人' })
operate: merge (:歌曲 { name : '有缘恋人' })
operate: merge (:四级类别 { name : '情歌' })
operate: match (a:歌曲) with a match (b:歌手) where a.name = '有缘恋人' and b.name = '才巴永吉' and b.演唱歌曲 = '有缘恋人' merge (a) -[:演唱者]-> (b)
operate: match (a:四级类别) with a match (b:歌曲) where a.name = '情歌' and b.name = '有缘恋人' merge (a) -[:entity]-> (b)
operate: match (a:三级类别) with a match (b:四级类别) where a.name = '民歌类' and b.name = '情歌' merge (a) -[:Subset]-> (b)
operate: merge (:歌手 { name : '拉吉', 演唱歌曲 : '锅庄' })
operate: merge (:歌曲 { name : '锅庄' })
operate: merge (:四级类别 { name : '欢庆歌' })
operate: match (a:歌曲) with a match (b:歌手) where a.name = '锅庄' and b.name = '拉吉' and b.演唱歌曲 = '锅庄' merge (a) -[:演唱者]-> (b)
operate: match (a:四级类别) with a match (b:歌曲) where a.name = '欢庆歌' and b.name = '锅庄' merge (a) -[:entity]-> (b)
operate: match (a:三级类别) with a match (b:四级类别) where a.name = '民歌类' and b.name = '欢庆歌' merge (a) -[:Subset]-> (b)
operate: merge (:歌手 { name : '格杰白玛', 演唱歌曲 : '音韵之海' })
operate: merge (:歌曲 { name : '音韵之海' })
operate: merge (:四级类别 { name : '欢庆歌' })
operate: match (a:歌曲) with a match (b:歌手) where a.name = '音韵之海' and b.name = '格杰白玛' and b.演唱歌曲 = '音韵之海' merge (a) -[:演唱者]-> (b)
operate: match (a:四级类别) with a match (b:歌曲) where a.name = '欢庆歌' and b.name = '音韵之海' merge (a) -[:entity]-> (b)
operate: match (a:三级类别) with a match (b:四级类别) where a.name = '民歌类' and b.name = '欢庆歌' merge (a) -[:Subset]-> (b)
operate: merge (:歌手 { name : '才旺罗布', 演唱歌曲 : '青春' })
operate: merge (:歌曲 { name : '青春' })
operate: merge (:四级类别 { name : '欢庆歌' })
operate: match (a:歌曲) with a match (b:歌手) where a.name = '青春' and b.name = '才旺罗布' and b.演唱歌曲 = '青春' merge (a) -[:演唱者]-> (b)
operate: match (a:四级类别) with a match (b:歌曲) where a.name = '欢庆歌' and b.name = '青春' merge (a) -[:entity]-> (b)
operate: match (a:三级类别) with a match (b:四级类别) where a.name = '民歌类' and b.name = '欢庆歌' merge (a) -[:Subset]-> (b)
operate: merge (:歌手 { name : '德吉才仁', 演唱歌曲 : '朗格博' })
operate: merge (:歌曲 { name : '朗格博' })
operate: merge (:四级类别 { name : '山歌' })
operate: match (a:歌曲) with a match (b:歌手) where a.name = '朗格博' and b.name = '德吉才仁' and b.演唱歌曲 = '朗格博' merge (a) -[:演唱者]-> (b)
operate: match (a:四级类别) with a match (b:歌曲) where a.name = '山歌' and b.name = '朗格博' merge (a) -[:entity]-> (b)
operate: match (a:三级类别) with a match (b:四级类别) where a.name = '民歌类' and b.name = '山歌' merge (a) -[:Subset]-> (b)
operate: merge (:歌手 { name : '谢旦', 演唱歌曲 : '格桑亚卓' })
operate: merge (:歌曲 { name : '格桑亚卓' })
operate: merge (:四级类别 { name : '山歌' })
operate: match (a:歌曲) with a match (b:歌手) where a.name = '格桑亚卓' and b.name = '谢旦' and b.演唱歌曲 = '格桑亚卓' merge (a) -[:演唱者]-> (b)
operate: match (a:四级类别) with a match (b:歌曲) where a.name = '山歌' and b.name = '格桑亚卓' merge (a) -[:entity]-> (b)
operate: match (a:三级类别) with a match (b:四级类别) where a.name = '民歌类' and b.name = '山歌' merge (a) -[:Subset]-> (b)
operate: merge (:歌手 { name : '阿斯根&德吉老爷', 演唱歌曲 : '嘉绒玛' })
operate: merge (:歌曲 { name : '嘉绒玛' })
operate: merge (:四级类别 { name : '对歌' })
operate: match (a:歌曲) with a match (b:歌手) where a.name = '嘉绒玛' and b.name = '阿斯根&德吉老爷' and b.演唱歌曲 = '嘉绒玛' merge (a) -[:演唱者]-> (b)
operate: match (a:四级类别) with a match (b:歌曲) where a.name = '对歌' and b.name = '嘉绒玛' merge (a) -[:entity]-> (b)
operate: match (a:三级类别) with a match (b:四级类别) where a.name = '民歌类' and b.name = '对歌' merge (a) -[:Subset]-> (b)
operate: merge (:歌手 { name : '谢旦&拉姆才吉', 演唱歌曲 : '爱慕之心' })
operate: merge (:歌曲 { name : '爱慕之心' })
operate: merge (:四级类别 { name : '对歌' })
operate: match (a:歌曲) with a match (b:歌手) where a.name = '爱慕之心' and b.name = '谢旦&拉姆才吉' and b.演唱歌曲 = '爱慕之心' merge (a) -[:演唱者]-> (b)
operate: match (a:四级类别) with a match (b:歌曲) where a.name = '对歌' and b.name = '爱慕之心' merge (a) -[:entity]-> (b)
operate: match (a:三级类别) with a match (b:四级类别) where a.name = '民歌类' and b.name = '对歌' merge (a) -[:Subset]-> (b)
operate: merge (:歌手 { name : '贡保东智&扎西卓玛', 演唱歌曲 : '欢聚的歌' })
operate: merge (:歌曲 { name : '欢聚的歌' })
operate: merge (:四级类别 { name : '对歌' })
operate: match (a:歌曲) with a match (b:歌手) where a.name = '欢聚的歌' and b.name = '贡保东智&扎西卓玛' and b.演唱歌曲 = '欢聚的歌' merge (a) -[:演唱者]-> (b)
operate: match (a:四级类别) with a match (b:歌曲) where a.name = '对歌' and b.name = '欢聚的歌' merge (a) -[:entity]-> (b)
operate: match (a:三级类别) with a match (b:四级类别) where a.name = '民歌类' and b.name = '对歌' merge (a) -[:Subset]-> (b)
operate: merge (:歌手 { name : '南措', 演唱歌曲 : '春之歌' })
operate: merge (:歌曲 { name : '春之歌' })
operate: merge (:四级类别 { name : '欢庆歌' })
operate: match (a:歌曲) with a match (b:歌手) where a.name = '春之歌' and b.name = '南措' and b.演唱歌曲 = '春之歌' merge (a) -[:演唱者]-> (b)
operate: match (a:四级类别) with a match (b:歌曲) where a.name = '欢庆歌' and b.name = '春之歌' merge (a) -[:entity]-> (b)
operate: match (a:三级类别) with a match (b:四级类别) where a.name = '民歌类' and b.name = '欢庆歌' merge (a) -[:Subset]-> (b)
operate: merge (:歌手 { name : '扎西顿珠', 演唱歌曲 : '福缘藏家' })
operate: merge (:歌曲 { name : '福缘藏家' })
operate: merge (:四级类别 { name : '欢庆歌' })
operate: match (a:歌曲) with a match (b:歌手) where a.name = '福缘藏家' and b.name = '扎西顿珠' and b.演唱歌曲 = '福缘藏家' merge (a) -[:演唱者]-> (b)
operate: match (a:四级类别) with a match (b:歌曲) where a.name = '欢庆歌' and b.name = '福缘藏家' merge (a) -[:entity]-> (b)
operate: match (a:三级类别) with a match (b:四级类别) where a.name = '民歌类' and b.name = '欢庆歌' merge (a) -[:Subset]-> (b)
operate: merge (:歌手 { name : '扎西尼玛', 演唱歌曲 : '金色马鞍' })
operate: merge (:歌曲 { name : '金色马鞍' })
operate: merge (:四级类别 { name : '山歌' })
operate: match (a:歌曲) with a match (b:歌手) where a.name = '金色马鞍' and b.name = '扎西尼玛' and b.演唱歌曲 = '金色马鞍' merge (a) -[:演唱者]-> (b)
operate: match (a:四级类别) with a match (b:歌曲) where a.name = '山歌' and b.name = '金色马鞍' merge (a) -[:entity]-> (b)
operate: match (a:三级类别) with a match (b:四级类别) where a.name = '民歌类' and b.name = '山歌' merge (a) -[:Subset]-> (b)
operate: merge (:歌手 { name : '谢旦&索南曲珍', 演唱歌曲 : '锅庄起舞' })
operate: merge (:歌曲 { name : '锅庄起舞' })
operate: merge (:四级类别 { name : '欢庆歌' })
operate: match (a:歌曲) with a match (b:歌手) where a.name = '锅庄起舞' and b.name = '谢旦&索南曲珍' and b.演唱歌曲 = '锅庄起舞' merge (a) -[:演唱者]-> (b)
operate: match (a:四级类别) with a match (b:歌曲) where a.name = '欢庆歌' and b.name = '锅庄起舞' merge (a) -[:entity]-> (b)
operate: match (a:三级类别) with a match (b:四级类别) where a.name = '民歌类' and b.name = '欢庆歌' merge (a) -[:Subset]-> (b)
operate: merge (:歌手 { name : '三智才让', 演唱歌曲 : '夙愿' })
operate: merge (:歌曲 { name : '夙愿' })
operate: merge (:四级类别 { name : '山歌' })
operate: match (a:歌曲) with a match (b:歌手) where a.name = '夙愿' and b.name = '三智才让' and b.演唱歌曲 = '夙愿' merge (a) -[:演唱者]-> (b)
operate: match (a:四级类别) with a match (b:歌曲) where a.name = '山歌' and b.name = '夙愿' merge (a) -[:entity]-> (b)
operate: match (a:三级类别) with a match (b:四级类别) where a.name = '民歌类' and b.name = '山歌' merge (a) -[:Subset]-> (b)
operate: merge (:歌手 { name : '扎西拉宗', 演唱歌曲 : '屋前香柏树' })
operate: merge (:歌曲 { name : '屋前香柏树' })
operate: merge (:四级类别 { name : '儿歌' })
operate: match (a:歌曲) with a match (b:歌手) where a.name = '屋前香柏树' and b.name = '扎西拉宗' and b.演唱歌曲 = '屋前香柏树' merge (a) -[:演唱者]-> (b)
operate: match (a:四级类别) with a match (b:歌曲) where a.name = '儿歌' and b.name = '屋前香柏树' merge (a) -[:entity]-> (b)
operate: match (a:三级类别) with a match (b:四级类别) where a.name = '民歌类' and b.name = '儿歌' merge (a) -[:Subset]-> (b)
operate: merge (:歌手 { name : '次仁央宗&西热扎巴', 演唱歌曲 : '圆梦羌塘' })
operate: merge (:歌曲 { name : '圆梦羌塘' })
operate: merge (:四级类别 { name : '对歌' })
operate: match (a:歌曲) with a match (b:歌手) where a.name = '圆梦羌塘' and b.name = '次仁央宗&西热扎巴' and b.演唱歌曲 = '圆梦羌塘' merge (a) -[:演唱者]-> (b)
operate: match (a:四级类别) with a match (b:歌曲) where a.name = '对歌' and b.name = '圆梦羌塘' merge (a) -[:entity]-> (b)
operate: match (a:三级类别) with a match (b:四级类别) where a.name = '民歌类' and b.name = '对歌' merge (a) -[:Subset]-> (b)
operate: merge (:歌手 { name : '谢旦&索南曲珍', 演唱歌曲 : '美的许愿' })
operate: merge (:歌曲 { name : '美的许愿' })
operate: merge (:四级类别 { name : '对歌' })
operate: match (a:歌曲) with a match (b:歌手) where a.name = '美的许愿' and b.name = '谢旦&索南曲珍' and b.演唱歌曲 = '美的许愿' merge (a) -[:演唱者]-> (b)
operate: match (a:四级类别) with a match (b:歌曲) where a.name = '对歌' and b.name = '美的许愿' merge (a) -[:entity]-> (b)
operate: match (a:三级类别) with a match (b:四级类别) where a.name = '民歌类' and b.name = '对歌' merge (a) -[:Subset]-> (b)
operate: merge (:歌手 { name : '亚东', 演唱歌曲 : '煨桑' })
operate: merge (:歌曲 { name : '煨桑' })
operate: merge (:四级类别 { name : '朝圣歌' })
operate: match (a:歌曲) with a match (b:歌手) where a.name = '煨桑' and b.name = '亚东' and b.演唱歌曲 = '煨桑' merge (a) -[:演唱者]-> (b)
operate: match (a:四级类别) with a match (b:歌曲) where a.name = '朝圣歌' and b.name = '煨桑' merge (a) -[:entity]-> (b)
operate: match (a:三级类别) with a match (b:四级类别) where a.name = '民歌类' and b.name = '朝圣歌' merge (a) -[:Subset]-> (b)
operate: merge (:歌手 { name : '谢旦&班措', 演唱歌曲 : '众生缘法愈好' })
operate: merge (:歌曲 { name : '众生缘法愈好' })
operate: merge (:四级类别 { name : '对歌' })
operate: match (a:歌曲) with a match (b:歌手) where a.name = '众生缘法愈好' and b.name = '谢旦&班措' and b.演唱歌曲 = '众生缘法愈好' merge (a) -[:演唱者]-> (b)
operate: match (a:四级类别) with a match (b:歌曲) where a.name = '对歌' and b.name = '众生缘法愈好' merge (a) -[:entity]-> (b)
operate: match (a:三级类别) with a match (b:四级类别) where a.name = '民歌类' and b.name = '对歌' merge (a) -[:Subset]-> (b)
operate: merge (:歌手 { name : '冰雪姐妹', 演唱歌曲 : '平凡的人' })
operate: merge (:歌曲 { name : '平凡的人' })
operate: merge (:四级类别 { name : '山歌' })
operate: match (a:歌曲) with a match (b:歌手) where a.name = '平凡的人' and b.name = '冰雪姐妹' and b.演唱歌曲 = '平凡的人' merge (a) -[:演唱者]-> (b)
operate: match (a:四级类别) with a match (b:歌曲) where a.name = '山歌' and b.name = '平凡的人' merge (a) -[:entity]-> (b)
operate: match (a:三级类别) with a match (b:四级类别) where a.name = '民歌类' and b.name = '山歌' merge (a) -[:Subset]-> (b)
operate: merge (:歌手 { name : '宋·阿依姆', 演唱歌曲 : '你是我们最亲的人' })
operate: merge (:歌曲 { name : '你是我们最亲的人' })
operate: merge (:四级类别 { name : '山歌' })
operate: match (a:歌曲) with a match (b:歌手) where a.name = '你是我们最亲的人' and b.name = '宋·阿依姆' and b.演唱歌曲 = '你是我们最亲的人' merge (a) -[:演唱者]-> (b)
operate: match (a:四级类别) with a match (b:歌曲) where a.name = '山歌' and b.name = '你是我们最亲的人' merge (a) -[:entity]-> (b)
operate: match (a:三级类别) with a match (b:四级类别) where a.name = '民歌类' and b.name = '山歌' merge (a) -[:Subset]-> (b)
operate: merge (:舞蹈 { name : '弦子舞（芒康弦子舞)', 非遗网站项目编号 : 'Ⅲ-19', 类别 : '传统舞蹈', 申报地区或单位 : '西藏自治区' })
operate: merge (:四级类别 { name : '弦子舞（芒康弦子舞)' })
operate: match (a:三级类别) with a match (b:四级类别) where a.name = '民间歌舞类' and b.name = '弦子舞（芒康弦子舞)' merge (a) -[:Subset]-> (b)
operate: match (a:四级类别) with a match (b:舞蹈) where a.name = '弦子舞（芒康弦子舞)' and b.name = '弦子舞（芒康弦子舞)' and b.非遗网站项目编号 = 'Ⅲ-19' and b.类别 = '传统舞蹈' and b.申报地区或单位 = '西藏自治区' merge (a) -[:Subset]-> (b)
operate: merge (:舞蹈 { name : '锅庄舞（昌都锅庄舞)', 非遗网站项目编号 : 'Ⅲ-20', 类别 : '传统舞蹈', 申报地区或单位 : '西藏自治区' })
operate: merge (:四级类别 { name : '锅庄舞（昌都锅庄舞)' })
operate: match (a:三级类别) with a match (b:四级类别) where a.name = '民间歌舞类' and b.name = '锅庄舞（昌都锅庄舞)' merge (a) -[:Subset]-> (b)
operate: match (a:四级类别) with a match (b:舞蹈) where a.name = '锅庄舞（昌都锅庄舞)' and b.name = '锅庄舞（昌都锅庄舞)' and b.非遗网站项目编号 = 'Ⅲ-20' and b.类别 = '传统舞蹈' and b.申报地区或单位 = '西藏自治区' merge (a) -[:Subset]-> (b)
operate: merge (:舞蹈 { name : '热巴舞(丁青热巴)', 非遗网站项目编号 : 'Ⅲ-21', 类别 : '传统舞蹈', 申报地区或单位 : '西藏自治区' })
operate: merge (:四级类别 { name : '热巴舞' })
operate: match (a:三级类别) with a match (b:四级类别) where a.name = '民间歌舞类' and b.name = '热巴舞' merge (a) -[:Subset]-> (b)
operate: match (a:四级类别) with a match (b:舞蹈) where a.name = '热巴舞' and b.name = '热巴舞(丁青热巴)' and b.非遗网站项目编号 = 'Ⅲ-21' and b.类别 = '传统舞蹈' and b.申报地区或单位 = '西藏自治区' merge (a) -[:Subset]-> (b)
operate: merge (:舞蹈 { name : '热巴舞（那曲比如丁嘎热巴)', 非遗网站项目编号 : 'Ⅲ-21', 类别 : '传统舞蹈', 申报地区或单位 : '西藏自治区' })
operate: merge (:四级类别 { name : '热巴舞（那曲比如丁嘎热巴)' })
operate: match (a:三级类别) with a match (b:四级类别) where a.name = '民间歌舞类' and b.name = '热巴舞（那曲比如丁嘎热巴)' merge (a) -[:Subset]-> (b)
operate: match (a:四级类别) with a match (b:舞蹈) where a.name = '热巴舞（那曲比如丁嘎热巴)' and b.name = '热巴舞（那曲比如丁嘎热巴)' and b.非遗网站项目编号 = 'Ⅲ-21' and b.类别 = '传统舞蹈' and b.申报地区或单位 = '西藏自治区' merge (a) -[:Subset]-> (b)
operate: merge (:舞蹈 { name : '日喀则扎什伦布寺羌姆', 非遗网站项目编号 : 'Ⅲ-22', 类别 : '传统舞蹈', 申报地区或单位 : '西藏自治区' })
operate: merge (:四级类别 { name : '日喀则扎什伦布寺羌姆' })
operate: match (a:三级类别) with a match (b:四级类别) where a.name = '民间歌舞类' and b.name = '日喀则扎什伦布寺羌姆' merge (a) -[:Subset]-> (b)
operate: match (a:四级类别) with a match (b:舞蹈) where a.name = '日喀则扎什伦布寺羌姆' and b.name = '日喀则扎什伦布寺羌姆' and b.非遗网站项目编号 = 'Ⅲ-22' and b.类别 = '传统舞蹈' and b.申报地区或单位 = '西藏自治区' merge (a) -[:Subset]-> (b)
operate: merge (:舞蹈 { name : '羌姆（拉康加羌姆)', 非遗网站项目编号 : 'Ⅲ-22', 类别 : '传统舞蹈', 申报地区或单位 : '西藏自治区洛扎县' })
operate: merge (:四级类别 { name : '羌姆（拉康加羌姆)' })
operate: match (a:三级类别) with a match (b:四级类别) where a.name = '民间歌舞类' and b.name = '羌姆（拉康加羌姆)' merge (a) -[:Subset]-> (b)
operate: match (a:四级类别) with a match (b:舞蹈) where a.name = '羌姆（拉康加羌姆)' and b.name = '羌姆（拉康加羌姆)' and b.非遗网站项目编号 = 'Ⅲ-22' and b.类别 = '传统舞蹈' and b.申报地区或单位 = '西藏自治区洛扎县' merge (a) -[:Subset]-> (b)
operate: merge (:舞蹈 { name : '羌姆（直孔嘎尔羌姆)', 非遗网站项目编号 : 'Ⅲ-22', 类别 : '传统舞蹈', 申报地区或单位 : '西藏自治区墨竹工卡县' })
operate: merge (:四级类别 { name : '羌姆（直孔嘎尔羌姆)' })
operate: match (a:三级类别) with a match (b:四级类别) where a.name = '民间歌舞类' and b.name = '羌姆（直孔嘎尔羌姆)' merge (a) -[:Subset]-> (b)
operate: match (a:四级类别) with a match (b:舞蹈) where a.name = '羌姆（直孔嘎尔羌姆)' and b.name = '羌姆（直孔嘎尔羌姆)' and b.非遗网站项目编号 = 'Ⅲ-22' and b.类别 = '传统舞蹈' and b.申报地区或单位 = '西藏自治区墨竹工卡县' merge (a) -[:Subset]-> (b)
operate: merge (:舞蹈 { name : '羌姆（曲德寺阿羌姆)', 非遗网站项目编号 : 'Ⅲ-22', 类别 : '传统舞蹈', 申报地区或单位 : '西藏自治区贡嘎县' })
operate: merge (:四级类别 { name : '羌姆（曲德寺阿羌姆)' })
operate: match (a:三级类别) with a match (b:四级类别) where a.name = '民间歌舞类' and b.name = '羌姆（曲德寺阿羌姆)' merge (a) -[:Subset]-> (b)
operate: match (a:四级类别) with a match (b:舞蹈) where a.name = '羌姆（曲德寺阿羌姆)' and b.name = '羌姆（曲德寺阿羌姆)' and b.非遗网站项目编号 = 'Ⅲ-22' and b.类别 = '传统舞蹈' and b.申报地区或单位 = '西藏自治区贡嘎县' merge (a) -[:Subset]-> (b)
operate: merge (:舞蹈 { name : '羌姆（桑耶寺羌姆)', 非遗网站项目编号 : 'Ⅲ-22', 类别 : '传统舞蹈', 申报地区或单位 : '西藏自治区扎囊县' })
operate: merge (:四级类别 { name : '羌姆（桑耶寺羌姆)' })
operate: match (a:三级类别) with a match (b:四级类别) where a.name = '民间歌舞类' and b.name = '羌姆（桑耶寺羌姆)' merge (a) -[:Subset]-> (b)
operate: match (a:四级类别) with a match (b:舞蹈) where a.name = '羌姆（桑耶寺羌姆)' and b.name = '羌姆（桑耶寺羌姆)' and b.非遗网站项目编号 = 'Ⅲ-22' and b.类别 = '传统舞蹈' and b.申报地区或单位 = '西藏自治区扎囊县' merge (a) -[:Subset]-> (b)
operate: merge (:舞蹈 { name : '羌姆（门巴族拔羌姆)', 非遗网站项目编号 : 'Ⅲ-22', 类别 : '传统舞蹈', 申报地区或单位 : '西藏自治区错那县' })
operate: merge (:四级类别 { name : '羌姆（门巴族拔羌姆)' })
operate: match (a:三级类别) with a match (b:四级类别) where a.name = '民间歌舞类' and b.name = '羌姆（门巴族拔羌姆)' merge (a) -[:Subset]-> (b)
operate: match (a:四级类别) with a match (b:舞蹈) where a.name = '羌姆（门巴族拔羌姆)' and b.name = '羌姆（门巴族拔羌姆)' and b.非遗网站项目编号 = 'Ⅲ-22' and b.类别 = '传统舞蹈' and b.申报地区或单位 = '西藏自治区错那县' merge (a) -[:Subset]-> (b)
operate: merge (:舞蹈 { name : '羌姆（江洛德庆曲林寺尼姑羌姆)', 非遗网站项目编号 : 'Ⅲ-22', 类别 : '传统舞蹈', 申报地区或单位 : '西藏自治区日喀则市' })
operate: merge (:四级类别 { name : '羌姆（江洛德庆曲林寺尼姑羌姆)' })
operate: match (a:三级类别) with a match (b:四级类别) where a.name = '民间歌舞类' and b.name = '羌姆（江洛德庆曲林寺尼姑羌姆)' merge (a) -[:Subset]-> (b)
operate: match (a:四级类别) with a match (b:舞蹈) where a.name = '羌姆（江洛德庆曲林寺尼姑羌姆)' and b.name = '羌姆（江洛德庆曲林寺尼姑羌姆)' and b.非遗网站项目编号 = 'Ⅲ-22' and b.类别 = '传统舞蹈' and b.申报地区或单位 = '西藏自治区日喀则市' merge (a) -[:Subset]-> (b)
operate: merge (:舞蹈 { name : '羌姆（林芝米纳羌姆)', 非遗网站项目编号 : 'Ⅲ-22', 类别 : '传统舞蹈', 申报地区或单位 : '西藏自治区林芝县' })
operate: merge (:四级类别 { name : '羌姆（林芝米纳羌姆)' })
operate: match (a:三级类别) with a match (b:四级类别) where a.name = '民间歌舞类' and b.name = '羌姆（林芝米纳羌姆)' merge (a) -[:Subset]-> (b)
operate: match (a:四级类别) with a match (b:舞蹈) where a.name = '羌姆（林芝米纳羌姆)' and b.name = '羌姆（林芝米纳羌姆)' and b.非遗网站项目编号 = 'Ⅲ-22' and b.类别 = '传统舞蹈' and b.申报地区或单位 = '西藏自治区林芝县' merge (a) -[:Subset]-> (b)
operate: merge (:舞蹈 { name : '山南昌果卓舞', 非遗网站项目编号 : 'Ⅲ-39', 类别 : '传统舞蹈', 申报地区或单位 : '西藏自治区' })
operate: merge (:四级类别 { name : '山南昌果卓舞' })
operate: match (a:三级类别) with a match (b:四级类别) where a.name = '民间歌舞类' and b.name = '山南昌果卓舞' merge (a) -[:Subset]-> (b)
operate: match (a:四级类别) with a match (b:舞蹈) where a.name = '山南昌果卓舞' and b.name = '山南昌果卓舞' and b.非遗网站项目编号 = 'Ⅲ-39' and b.类别 = '传统舞蹈' and b.申报地区或单位 = '西藏自治区' merge (a) -[:Subset]-> (b)
operate: merge (:舞蹈 { name : '卓舞（琼结久河卓舞)', 非遗网站项目编号 : 'Ⅲ-39', 类别 : '传统舞蹈', 申报地区或单位 : '西藏自治区琼结县' })
operate: merge (:四级类别 { name : '卓舞（琼结久河卓舞)' })
operate: match (a:三级类别) with a match (b:四级类别) where a.name = '民间歌舞类' and b.name = '卓舞（琼结久河卓舞)' merge (a) -[:Subset]-> (b)
operate: match (a:四级类别) with a match (b:舞蹈) where a.name = '卓舞（琼结久河卓舞)' and b.name = '卓舞（琼结久河卓舞)' and b.非遗网站项目编号 = 'Ⅲ-39' and b.类别 = '传统舞蹈' and b.申报地区或单位 = '西藏自治区琼结县' merge (a) -[:Subset]-> (b)
operate: merge (:舞蹈 { name : '卓舞（热振曲卓)', 非遗网站项目编号 : 'Ⅲ-39', 类别 : '传统舞蹈', 申报地区或单位 : '西藏自治区拉萨市' })
operate: merge (:四级类别 { name : '卓舞（热振曲卓)' })
operate: match (a:三级类别) with a match (b:四级类别) where a.name = '民间歌舞类' and b.name = '卓舞（热振曲卓)' merge (a) -[:Subset]-> (b)
operate: match (a:四级类别) with a match (b:舞蹈) where a.name = '卓舞（热振曲卓)' and b.name = '卓舞（热振曲卓)' and b.非遗网站项目编号 = 'Ⅲ-39' and b.类别 = '传统舞蹈' and b.申报地区或单位 = '西藏自治区拉萨市' merge (a) -[:Subset]-> (b)
operate: merge (:舞蹈 { name : '卓舞（斯马卓)', 非遗网站项目编号 : 'Ⅲ-39', 类别 : '传统舞蹈', 申报地区或单位 : '西藏自治区日喀则市' })
operate: merge (:四级类别 { name : '卓舞（斯马卓)' })
operate: match (a:三级类别) with a match (b:四级类别) where a.name = '民间歌舞类' and b.name = '卓舞（斯马卓)' merge (a) -[:Subset]-> (b)
operate: match (a:四级类别) with a match (b:舞蹈) where a.name = '卓舞（斯马卓)' and b.name = '卓舞（斯马卓)' and b.非遗网站项目编号 = 'Ⅲ-39' and b.类别 = '传统舞蹈' and b.申报地区或单位 = '西藏自治区日喀则市' merge (a) -[:Subset]-> (b)
operate: merge (:舞蹈 { name : '宣舞（古格宣舞)', 非遗网站项目编号 : 'Ⅲ-80', 类别 : '传统舞蹈', 申报地区或单位 : '西藏自治区札达县' })
operate: merge (:四级类别 { name : '宣舞（古格宣舞)' })
operate: match (a:三级类别) with a match (b:四级类别) where a.name = '民间歌舞类' and b.name = '宣舞（古格宣舞)' merge (a) -[:Subset]-> (b)
operate: match (a:四级类别) with a match (b:舞蹈) where a.name = '宣舞（古格宣舞)' and b.name = '宣舞（古格宣舞)' and b.非遗网站项目编号 = 'Ⅲ-80' and b.类别 = '传统舞蹈' and b.申报地区或单位 = '西藏自治区札达县' merge (a) -[:Subset]-> (b)
operate: merge (:舞蹈 { name : '宣舞（普堆巴宣舞)', 非遗网站项目编号 : 'Ⅲ-80', 类别 : '传统舞蹈', 申报地区或单位 : '西藏自治区墨竹工卡县' })
operate: merge (:四级类别 { name : '宣舞（普堆巴宣舞)' })
operate: match (a:三级类别) with a match (b:四级类别) where a.name = '民间歌舞类' and b.name = '宣舞（普堆巴宣舞)' merge (a) -[:Subset]-> (b)
operate: match (a:四级类别) with a match (b:舞蹈) where a.name = '宣舞（普堆巴宣舞)' and b.name = '宣舞（普堆巴宣舞)' and b.非遗网站项目编号 = 'Ⅲ-80' and b.类别 = '传统舞蹈' and b.申报地区或单位 = '西藏自治区墨竹工卡县' merge (a) -[:Subset]-> (b)
operate: merge (:舞蹈 { name : '宣舞（札达卡尔玛宣舞)', 非遗网站项目编号 : 'Ⅲ-80', 类别 : '传统舞蹈', 申报地区或单位 : '西藏自治区阿里地区' })
operate: merge (:四级类别 { name : '宣舞（札达卡尔玛宣舞)' })
operate: match (a:三级类别) with a match (b:四级类别) where a.name = '民间歌舞类' and b.name = '宣舞（札达卡尔玛宣舞)' merge (a) -[:Subset]-> (b)
operate: match (a:四级类别) with a match (b:舞蹈) where a.name = '宣舞（札达卡尔玛宣舞)' and b.name = '宣舞（札达卡尔玛宣舞)' and b.非遗网站项目编号 = 'Ⅲ-80' and b.类别 = '传统舞蹈' and b.申报地区或单位 = '西藏自治区阿里地区' merge (a) -[:Subset]-> (b)
operate: merge (:舞蹈 { name : '拉萨囊玛', 非遗网站项目编号 : 'Ⅲ-81', 类别 : '传统舞蹈', 申报地区或单位 : '西藏自治区拉萨市' })
operate: merge (:四级类别 { name : '拉萨囊玛' })
operate: match (a:三级类别) with a match (b:四级类别) where a.name = '民间歌舞类' and b.name = '拉萨囊玛' merge (a) -[:Subset]-> (b)
operate: match (a:四级类别) with a match (b:舞蹈) where a.name = '拉萨囊玛' and b.name = '拉萨囊玛' and b.非遗网站项目编号 = 'Ⅲ-81' and b.类别 = '传统舞蹈' and b.申报地区或单位 = '西藏自治区拉萨市' merge (a) -[:Subset]-> (b)
operate: merge (:舞蹈 { name : '堆谐（拉孜堆谐)', 非遗网站项目编号 : 'Ⅲ-82', 类别 : '传统舞蹈', 申报地区或单位 : '西藏自治区拉孜县' })
operate: merge (:四级类别 { name : '堆谐（拉孜堆谐)' })
operate: match (a:三级类别) with a match (b:四级类别) where a.name = '民间歌舞类' and b.name = '堆谐（拉孜堆谐)' merge (a) -[:Subset]-> (b)
operate: match (a:四级类别) with a match (b:舞蹈) where a.name = '堆谐（拉孜堆谐)' and b.name = '堆谐（拉孜堆谐)' and b.非遗网站项目编号 = 'Ⅲ-82' and b.类别 = '传统舞蹈' and b.申报地区或单位 = '西藏自治区拉孜县' merge (a) -[:Subset]-> (b)
operate: merge (:舞蹈 { name : '谐钦（拉萨纳如谐钦)', 非遗网站项目编号 : 'Ⅲ-83', 类别 : '传统舞蹈', 申报地区或单位 : '西藏自治区拉萨市城关区' })
operate: merge (:四级类别 { name : '谐钦（拉萨纳如谐钦)' })
operate: match (a:三级类别) with a match (b:四级类别) where a.name = '民间歌舞类' and b.name = '谐钦（拉萨纳如谐钦)' merge (a) -[:Subset]-> (b)
operate: match (a:四级类别) with a match (b:舞蹈) where a.name = '谐钦（拉萨纳如谐钦)' and b.name = '谐钦（拉萨纳如谐钦)' and b.非遗网站项目编号 = 'Ⅲ-83' and b.类别 = '传统舞蹈' and b.申报地区或单位 = '西藏自治区拉萨市城关区' merge (a) -[:Subset]-> (b)
operate: merge (:舞蹈 { name : '谐钦（南木林土布加谐钦)', 非遗网站项目编号 : 'Ⅲ-83', 类别 : '传统舞蹈', 申报地区或单位 : '西藏自治区南木林县' })
operate: merge (:四级类别 { name : '谐钦（南木林土布加谐钦)' })
operate: match (a:三级类别) with a match (b:四级类别) where a.name = '民间歌舞类' and b.name = '谐钦（南木林土布加谐钦)' merge (a) -[:Subset]-> (b)
operate: match (a:四级类别) with a match (b:舞蹈) where a.name = '谐钦（南木林土布加谐钦)' and b.name = '谐钦（南木林土布加谐钦)' and b.非遗网站项目编号 = 'Ⅲ-83' and b.类别 = '传统舞蹈' and b.申报地区或单位 = '西藏自治区南木林县' merge (a) -[:Subset]-> (b)
operate: merge (:舞蹈 { name : '谐钦（尼玛乡谐钦)', 非遗网站项目编号 : 'Ⅲ-83', 类别 : '传统舞蹈', 申报地区或单位 : '西藏自治区班戈县' })
operate: merge (:四级类别 { name : '谐钦（尼玛乡谐钦)' })
operate: match (a:三级类别) with a match (b:四级类别) where a.name = '民间歌舞类' and b.name = '谐钦（尼玛乡谐钦)' merge (a) -[:Subset]-> (b)
operate: match (a:四级类别) with a match (b:舞蹈) where a.name = '谐钦（尼玛乡谐钦)' and b.name = '谐钦（尼玛乡谐钦)' and b.非遗网站项目编号 = 'Ⅲ-83' and b.类别 = '传统舞蹈' and b.申报地区或单位 = '西藏自治区班戈县' merge (a) -[:Subset]-> (b)
operate: merge (:舞蹈 { name : '阿谐（达布阿谐)', 非遗网站项目编号 : 'Ⅲ-84', 类别 : '传统舞蹈', 申报地区或单位 : '西藏自治区比如县' })
operate: merge (:四级类别 { name : '阿谐（达布阿谐)' })
operate: match (a:三级类别) with a match (b:四级类别) where a.name = '民间歌舞类' and b.name = '阿谐（达布阿谐)' merge (a) -[:Subset]-> (b)
operate: match (a:四级类别) with a match (b:舞蹈) where a.name = '阿谐（达布阿谐)' and b.name = '阿谐（达布阿谐)' and b.非遗网站项目编号 = 'Ⅲ-84' and b.类别 = '传统舞蹈' and b.申报地区或单位 = '西藏自治区比如县' merge (a) -[:Subset]-> (b)
operate: merge (:舞蹈 { name : '嘎尔', 非遗网站项目编号 : 'Ⅲ-85', 类别 : '传统舞蹈', 申报地区或单位 : '西藏自治区' })
operate: merge (:四级类别 { name : '嘎尔' })
operate: match (a:三级类别) with a match (b:四级类别) where a.name = '民间歌舞类' and b.name = '嘎尔' merge (a) -[:Subset]-> (b)
operate: match (a:四级类别) with a match (b:舞蹈) where a.name = '嘎尔' and b.name = '嘎尔' and b.非遗网站项目编号 = 'Ⅲ-85' and b.类别 = '传统舞蹈' and b.申报地区或单位 = '西藏自治区' merge (a) -[:Subset]-> (b)
operate: merge (:舞蹈 { name : '芒康三弦舞', 非遗网站项目编号 : 'Ⅲ-86', 类别 : '传统舞蹈', 申报地区或单位 : '西藏自治区芒康县' })
operate: merge (:四级类别 { name : '芒康三弦舞' })
operate: match (a:三级类别) with a match (b:四级类别) where a.name = '民间歌舞类' and b.name = '芒康三弦舞' merge (a) -[:Subset]-> (b)
operate: match (a:四级类别) with a match (b:舞蹈) where a.name = '芒康三弦舞' and b.name = '芒康三弦舞' and b.非遗网站项目编号 = 'Ⅲ-86' and b.类别 = '传统舞蹈' and b.申报地区或单位 = '西藏自治区芒康县' merge (a) -[:Subset]-> (b)
operate: merge (:舞蹈 { name : '定日洛谐', 非遗网站项目编号 : 'Ⅲ-87', 类别 : '传统舞蹈', 申报地区或单位 : '西藏自治区定日县' })
operate: merge (:四级类别 { name : '定日洛谐' })
operate: match (a:三级类别) with a match (b:四级类别) where a.name = '民间歌舞类' and b.name = '定日洛谐' merge (a) -[:Subset]-> (b)
operate: match (a:四级类别) with a match (b:舞蹈) where a.name = '定日洛谐' and b.name = '定日洛谐' and b.非遗网站项目编号 = 'Ⅲ-87' and b.类别 = '传统舞蹈' and b.申报地区或单位 = '西藏自治区定日县' merge (a) -[:Subset]-> (b)
operate: merge (:舞蹈 { name : '旦嘎甲谐', 非遗网站项目编号 : 'Ⅲ-88', 类别 : '传统舞蹈', 申报地区或单位 : '西藏自治区萨嘎县' })
operate: merge (:四级类别 { name : '旦嘎甲谐' })
operate: match (a:三级类别) with a match (b:四级类别) where a.name = '民间歌舞类' and b.name = '旦嘎甲谐' merge (a) -[:Subset]-> (b)
operate: match (a:四级类别) with a match (b:舞蹈) where a.name = '旦嘎甲谐' and b.name = '旦嘎甲谐' and b.非遗网站项目编号 = 'Ⅲ-88' and b.类别 = '传统舞蹈' and b.申报地区或单位 = '西藏自治区萨嘎县' merge (a) -[:Subset]-> (b)
operate: merge (:舞蹈 { name : '廓孜', 非遗网站项目编号 : 'Ⅲ-89', 类别 : '传统舞蹈', 申报地区或单位 : '西藏自治区曲水县' })
operate: merge (:四级类别 { name : '廓孜' })
operate: match (a:三级类别) with a match (b:四级类别) where a.name = '民间歌舞类' and b.name = '廓孜' merge (a) -[:Subset]-> (b)
operate: match (a:四级类别) with a match (b:舞蹈) where a.name = '廓孜' and b.name = '廓孜' and b.非遗网站项目编号 = 'Ⅲ-89' and b.类别 = '传统舞蹈' and b.申报地区或单位 = '西藏自治区曲水县' merge (a) -[:Subset]-> (b)
operate: merge (:舞蹈 { name : '协荣仲孜', 非遗网站项目编号 : 'Ⅲ-105', 类别 : '传统舞蹈', 申报地区或单位 : '西藏自治区曲水县' })
operate: merge (:四级类别 { name : '协荣仲孜' })
operate: match (a:三级类别) with a match (b:四级类别) where a.name = '民间歌舞类' and b.name = '协荣仲孜' merge (a) -[:Subset]-> (b)
operate: match (a:四级类别) with a match (b:舞蹈) where a.name = '协荣仲孜' and b.name = '协荣仲孜' and b.非遗网站项目编号 = 'Ⅲ-105' and b.类别 = '传统舞蹈' and b.申报地区或单位 = '西藏自治区曲水县' merge (a) -[:Subset]-> (b)
operate: merge (:舞蹈 { name : '普兰果尔孜', 非遗网站项目编号 : 'Ⅲ-106', 类别 : '传统舞蹈', 申报地区或单位 : '西藏自治区阿里地区' })
operate: merge (:四级类别 { name : '普兰果尔孜' })
operate: match (a:三级类别) with a match (b:四级类别) where a.name = '民间歌舞类' and b.name = '普兰果尔孜' merge (a) -[:Subset]-> (b)
operate: match (a:四级类别) with a match (b:舞蹈) where a.name = '普兰果尔孜' and b.name = '普兰果尔孜' and b.非遗网站项目编号 = 'Ⅲ-106' and b.类别 = '传统舞蹈' and b.申报地区或单位 = '西藏自治区阿里地区' merge (a) -[:Subset]-> (b)
operate: merge (:舞蹈 { name : '陈塘夏尔巴歌舞', 非遗网站项目编号 : 'Ⅲ-107', 类别 : '传统舞蹈', 申报地区或单位 : '西藏自治区定结县' })
operate: merge (:四级类别 { name : '陈塘夏尔巴歌舞' })
operate: match (a:三级类别) with a match (b:四级类别) where a.name = '民间歌舞类' and b.name = '陈塘夏尔巴歌舞' merge (a) -[:Subset]-> (b)
operate: match (a:四级类别) with a match (b:舞蹈) where a.name = '陈塘夏尔巴歌舞' and b.name = '陈塘夏尔巴歌舞' and b.非遗网站项目编号 = 'Ⅲ-107' and b.类别 = '传统舞蹈' and b.申报地区或单位 = '西藏自治区定结县' merge (a) -[:Subset]-> (b)
